# JRE version: OpenJDK Runtime Environment (11.0.13) (build 11.0.13+0-b1751.21-8125866)
# Java VM: OpenJDK 64-Bit Server VM (11.0.13+0-b1751.21-8125866, mixed mode, tiered, compressed oops, g1 gc, windows-amd64)
Heap:
 garbage-first heap   total 249856K, used 172438K [0x0000000080000000, 0x0000000100000000)
  region size 1024K, 34 young (34816K), 4 survivors (4096K)
 Metaspace       used 98486K, capacity 101163K, committed 101248K, reserved 1136640K
  class space    used 12692K, capacity 13667K, committed 13696K, reserved 1048576K
GC Heap History (20 events):
Event: 9.132 GC heap before
{Heap before GC invocations=15 (full 0):
 garbage-first heap   total 249856K, used 204712K [0x0000000080000000, 0x0000000100000000)
  region size 1024K, 84 young (86016K), 14 survivors (14336K)
 Metaspace       used 84663K, capacity 87200K, committed 87296K, reserved 1124352K
  class space    used 11080K, capacity 11956K, committed 12032K, reserved 1048576K
}
Event: 9.139 GC heap after
{Heap after GC invocations=16 (full 0):
 garbage-first heap   total 249856K, used 137138K [0x0000000080000000, 0x0000000100000000)
  region size 1024K, 3 young (3072K), 3 survivors (3072K)
 Metaspace       used 84663K, capacity 87200K, committed 87296K, reserved 1124352K
  class space    used 11080K, capacity 11956K, committed 12032K, reserved 1048576K
}
Event: 9.258 GC heap before
{Heap before GC invocations=17 (full 0):
 garbage-first heap   total 249856K, used 178098K [0x0000000080000000, 0x0000000100000000)
  region size 1024K, 44 young (45056K), 3 survivors (3072K)
 Metaspace       used 86120K, capacity 88525K, committed 88960K, reserved 1126400K
  class space    used 11228K, capacity 12076K, committed 12160K, reserved 1048576K
}
Event: 9.261 GC heap after
{Heap after GC invocations=18 (full 0):
 garbage-first heap   total 249856K, used 137138K [0x0000000080000000, 0x0000000100000000)
  region size 1024K, 3 young (3072K), 3 survivors (3072K)
 Metaspace       used 86120K, capacity 88525K, committed 88960K, reserved 1126400K
  class space    used 11228K, capacity 12076K, committed 12160K, reserved 1048576K
}
Event: 9.930 GC heap before
{Heap before GC invocations=19 (full 0):
 garbage-first heap   total 249856K, used 206770K [0x0000000080000000, 0x0000000100000000)
  region size 1024K, 70 young (71680K), 3 survivors (3072K)
 Metaspace       used 94236K, capacity 96756K, committed 96896K, reserved 1132544K
  class space    used 12220K, capacity 13070K, committed 13184K, reserved 1048576K
}
Event: 9.936 GC heap after
{Heap after GC invocations=20 (full 0):
 garbage-first heap   total 249856K, used 140082K [0x0000000080000000, 0x0000000100000000)
  region size 1024K, 6 young (6144K), 6 survivors (6144K)
 Metaspace       used 94236K, capacity 96756K, committed 96896K, reserved 1132544K
  class space    used 12220K, capacity 13070K, committed 13184K, reserved 1048576K
}
Event: 10.050 GC heap before
{Heap before GC invocations=20 (full 0):
 garbage-first heap   total 249856K, used 145202K [0x0000000080000000, 0x0000000100000000)
  region size 1024K, 12 young (12288K), 6 survivors (6144K)
 Metaspace       used 94690K, capacity 97265K, committed 97536K, reserved 1134592K
  class space    used 12313K, capacity 13198K, committed 13312K, reserved 1048576K
}
Event: 10.055 GC heap after
{Heap after GC invocations=21 (full 0):
 garbage-first heap   total 249856K, used 140579K [0x0000000080000000, 0x0000000100000000)
  region size 1024K, 5 young (5120K), 5 survivors (5120K)
 Metaspace       used 94690K, capacity 97265K, committed 97536K, reserved 1134592K
  class space    used 12313K, capacity 13198K, committed 13312K, reserved 1048576K
}
Event: 10.244 GC heap before
{Heap before GC invocations=22 (full 0):
 garbage-first heap   total 249856K, used 188707K [0x0000000080000000, 0x0000000100000000)
  region size 1024K, 51 young (52224K), 5 survivors (5120K)
 Metaspace       used 95139K, capacity 97681K, committed 97792K, reserved 1134592K
  class space    used 12335K, capacity 13230K, committed 13312K, reserved 1048576K
}
Event: 10.247 GC heap after
{Heap after GC invocations=23 (full 0):
 garbage-first heap   total 249856K, used 145675K [0x0000000080000000, 0x0000000100000000)
  region size 1024K, 4 young (4096K), 4 survivors (4096K)
 Metaspace       used 95139K, capacity 97681K, committed 97792K, reserved 1134592K
  class space    used 12335K, capacity 13230K, committed 13312K, reserved 1048576K
}
Event: 10.372 GC heap before
{Heap before GC invocations=23 (full 0):
 garbage-first heap   total 249856K, used 192779K [0x0000000080000000, 0x0000000100000000)
  region size 1024K, 50 young (51200K), 4 survivors (4096K)
 Metaspace       used 95141K, capacity 97681K, committed 97792K, reserved 1134592K
  class space    used 12335K, capacity 13230K, committed 13312K, reserved 1048576K
}
Event: 10.374 GC heap after
{Heap after GC invocations=24 (full 0):
 garbage-first heap   total 249856K, used 145671K [0x0000000080000000, 0x0000000100000000)
  region size 1024K, 4 young (4096K), 4 survivors (4096K)
 Metaspace       used 95141K, capacity 97681K, committed 97792K, reserved 1134592K
  class space    used 12335K, capacity 13230K, committed 13312K, reserved 1048576K
}
Event: 10.540 GC heap before
{Heap before GC invocations=25 (full 0):
 garbage-first heap   total 249856K, used 196871K [0x0000000080000000, 0x0000000100000000)
  region size 1024K, 54 young (55296K), 4 survivors (4096K)
 Metaspace       used 95145K, capacity 97681K, committed 97792K, reserved 1134592K
  class space    used 12335K, capacity 13230K, committed 13312K, reserved 1048576K
}
Event: 10.542 GC heap after
{Heap after GC invocations=26 (full 0):
 garbage-first heap   total 249856K, used 145590K [0x0000000080000000, 0x0000000100000000)
  region size 1024K, 4 young (4096K), 4 survivors (4096K)
 Metaspace       used 95145K, capacity 97681K, committed 97792K, reserved 1134592K
  class space    used 12335K, capacity 13230K, committed 13312K, reserved 1048576K
}
Event: 10.668 GC heap before
{Heap before GC invocations=26 (full 0):
 garbage-first heap   total 249856K, used 199862K [0x0000000080000000, 0x0000000100000000)
  region size 1024K, 57 young (58368K), 4 survivors (4096K)
 Metaspace       used 95148K, capacity 97681K, committed 97792K, reserved 1134592K
  class space    used 12335K, capacity 13230K, committed 13312K, reserved 1048576K
}
Event: 10.671 GC heap after
{Heap after GC invocations=27 (full 0):
 garbage-first heap   total 249856K, used 145709K [0x0000000080000000, 0x0000000100000000)
  region size 1024K, 4 young (4096K), 4 survivors (4096K)
 Metaspace       used 95148K, capacity 97681K, committed 97792K, reserved 1134592K
  class space    used 12335K, capacity 13230K, committed 13312K, reserved 1048576K
}
Event: 10.802 GC heap before
{Heap before GC invocations=28 (full 0):
 garbage-first heap   total 249856K, used 202029K [0x0000000080000000, 0x0000000100000000)
  region size 1024K, 59 young (60416K), 4 survivors (4096K)
 Metaspace       used 95164K, capacity 97681K, committed 97792K, reserved 1134592K
  class space    used 12336K, capacity 13230K, committed 13312K, reserved 1048576K
}
Event: 10.803 GC heap after
{Heap after GC invocations=29 (full 0):
 garbage-first heap   total 249856K, used 145728K [0x0000000080000000, 0x0000000100000000)
  region size 1024K, 4 young (4096K), 4 survivors (4096K)
 Metaspace       used 95164K, capacity 97681K, committed 97792K, reserved 1134592K
  class space    used 12336K, capacity 13230K, committed 13312K, reserved 1048576K
}
Event: 11.345 GC heap before
{Heap before GC invocations=29 (full 0):
 garbage-first heap   total 249856K, used 203072K [0x0000000080000000, 0x0000000100000000)
  region size 1024K, 61 young (62464K), 4 survivors (4096K)
 Metaspace       used 98311K, capacity 101090K, committed 101248K, reserved 1136640K
  class space    used 12692K, capacity 13667K, committed 13696K, reserved 1048576K
}
Event: 11.350 GC heap after
{Heap after GC invocations=30 (full 0):
 garbage-first heap   total 249856K, used 143766K [0x0000000080000000, 0x0000000100000000)
  region size 1024K, 4 young (4096K), 4 survivors (4096K)
 Metaspace       used 98311K, capacity 101090K, committed 101248K, reserved 1136640K
  class space    used 12692K, capacity 13667K, committed 13696K, reserved 1048576K
}

